<?xml version="1.0" encoding="UTF-8"?>
<coverage generated="1595923696938" clover="3.2.0">
  <project timestamp="1595923696938" name="All files">
    <metrics statements="20" coveredstatements="20" conditionals="6" coveredconditionals="6" methods="1" coveredmethods="1" elements="27" coveredelements="27" complexity="0" loc="20" ncloc="20" packages="1" files="1" classes="1"/>
    <file name="findanagrams.js" path="/Users/mdnayeemhossain/Documents/Web-Development_jorge/bongo-bd-problems/anagrams/findanagrams.js">
      <metrics statements="20" coveredstatements="20" conditionals="6" coveredconditionals="6" methods="1" coveredmethods="1"/>
      <line num="8" count="2" type="stmt"/>
      <line num="9" count="2" type="stmt"/>
      <line num="10" count="2" type="stmt"/>
      <line num="14" count="2" type="stmt"/>
      <line num="15" count="2" type="stmt"/>
      <line num="16" count="2" type="stmt"/>
      <line num="20" count="2" type="stmt"/>
      <line num="21" count="2" type="stmt"/>
      <line num="22" count="2" type="stmt"/>
      <line num="25" count="2" type="stmt"/>
      <line num="28" count="2" type="stmt"/>
      <line num="31" count="2" type="stmt"/>
      <line num="32" count="19" type="stmt"/>
      <line num="33" count="19" type="stmt"/>
      <line num="34" count="19" type="cond" truecount="2" falsecount="0"/>
      <line num="35" count="10" type="stmt"/>
      <line num="43" count="2" type="cond" truecount="4" falsecount="0"/>
      <line num="44" count="1" type="stmt"/>
      <line num="47" count="1" type="stmt"/>
      <line num="52" count="1" type="stmt"/>
    </file>
  </project>
</coverage>
