{"/Users/mdnayeemhossain/Documents/Web-Development_jorge/bongo-bd-problems/anagrams/findanagrams.js": {"path":"/Users/mdnayeemhossain/Documents/Web-Development_jorge/bongo-bd-problems/anagrams/findanagrams.js","statementMap":{"0":{"start":{"line":8,"column":13},"end":{"line":8,"column":15}},"1":{"start":{"line":9,"column":13},"end":{"line":9,"column":15}},"2":{"start":{"line":10,"column":13},"end":{"line":10,"column":15}},"3":{"start":{"line":14,"column":13},"end":{"line":14,"column":19}},"4":{"start":{"line":15,"column":15},"end":{"line":15,"column":31}},"5":{"start":{"line":16,"column":13},"end":{"line":16,"column":19}},"6":{"start":{"line":20,"column":15},"end":{"line":20,"column":31}},"7":{"start":{"line":21,"column":0},"end":{"line":21,"column":18}},"8":{"start":{"line":22,"column":0},"end":{"line":22,"column":18}},"9":{"start":{"line":25,"column":0},"end":{"line":25,"column":31}},"10":{"start":{"line":28,"column":13},"end":{"line":28,"column":15}},"11":{"start":{"line":31,"column":0},"end":{"line":37,"column":1}},"12":{"start":{"line":31,"column":13},"end":{"line":31,"column":14}},"13":{"start":{"line":32,"column":18},"end":{"line":32,"column":27}},"14":{"start":{"line":33,"column":16},"end":{"line":33,"column":39}},"15":{"start":{"line":34,"column":4},"end":{"line":36,"column":5}},"16":{"start":{"line":35,"column":8},"end":{"line":35,"column":29}},"17":{"start":{"line":43,"column":0},"end":{"line":48,"column":1}},"18":{"start":{"line":44,"column":4},"end":{"line":44,"column":38}},"19":{"start":{"line":47,"column":4},"end":{"line":47,"column":42}},"20":{"start":{"line":52,"column":0},"end":{"line":52,"column":24}}},"fnMap":{"0":{"name":"anagram","decl":{"start":{"line":5,"column":9},"end":{"line":5,"column":16}},"loc":{"start":{"line":5,"column":32},"end":{"line":50,"column":1}},"line":5}},"branchMap":{"0":{"loc":{"start":{"line":34,"column":4},"end":{"line":36,"column":5}},"type":"if","locations":[{"start":{"line":34,"column":4},"end":{"line":36,"column":5}},{"start":{"line":34,"column":4},"end":{"line":36,"column":5}}],"line":34},"1":{"loc":{"start":{"line":43,"column":0},"end":{"line":48,"column":1}},"type":"if","locations":[{"start":{"line":43,"column":0},"end":{"line":48,"column":1}},{"start":{"line":43,"column":0},"end":{"line":48,"column":1}}],"line":43},"2":{"loc":{"start":{"line":43,"column":3},"end":{"line":43,"column":67}},"type":"binary-expr","locations":[{"start":{"line":43,"column":3},"end":{"line":43,"column":33}},{"start":{"line":43,"column":37},"end":{"line":43,"column":67}}],"line":43}},"s":{"0":2,"1":2,"2":2,"3":2,"4":2,"5":2,"6":2,"7":2,"8":2,"9":2,"10":2,"11":2,"12":2,"13":19,"14":19,"15":19,"16":10,"17":2,"18":1,"19":1,"20":1},"f":{"0":2},"b":{"0":[10,9],"1":[1,1],"2":[2,1]},"_coverageSchema":"1a1c01bbd47fc00a2c39e90264f33305004495a9","hash":"ef1f6347968121d919af451fcdb4076b94996819"}
}
